<?xml version="1.0" encoding="UTF-8"?>
<!-- Generated by org.testng.reporters.JUnitReportReporter -->
<testsuite skipped="0" hostname="DESKTOP-KHIEM2O" name="automation.LoginAppTest" tests="1" failures="0" timestamp="2022-10-16T09:55:32 UZT" time="15.401" errors="0">
  <testcase name="loginAppValidation" time="15.401" classname="automation.LoginAppTest"/>
  <system-out/>
</testsuite> <!-- automation.LoginAppTest -->
