<?xml version="1.0" encoding="UTF-8"?>
<!-- Generated by org.testng.reporters.JUnitReportReporter -->
<testsuite skipped="0" hostname="DESKTOP-KHIEM2O" name="automation.SearchKeyboardTest" tests="1" failures="0" timestamp="2022-10-16T11:11:52 UZT" time="10.420" errors="0">
  <testcase name="keyboardValidation" time="10.420" classname="automation.SearchKeyboardTest"/>
  <system-out/>
</testsuite> <!-- automation.SearchKeyboardTest -->
